TN:
SF:/usr/include/x86_64-linux-gnu/bits/byteswap.h
FN:33,__bswap_16
#FN:41
FN:48,__bswap_32
#FN:56
FN:69,__bswap_64
#FN:77
DA:37,0
DA:52,0
DA:73,0
end_of_record
TN:
SF:/usr/include/x86_64-linux-gnu/bits/uintn-identity.h
FN:32,__uint16_identity
#FN:36
FN:38,__uint32_identity
#FN:42
FN:44,__uint64_identity
#FN:48
DA:35,0
DA:41,0
DA:47,0
end_of_record
TN:
SF:/workdir/./code.c
FN:21,bubble_sort
#FN:36
FN:8,insert_ordered
#FN:19
FN:38,insertion_sort
#FN:46
FN:74,main
#FN:85
FN:48,test
#FN:72
FNDA:1,main
FNDA:1,test
FNDA:1,insertion_sort
FNDA:1,insert_ordered
FNDA:1,bubble_sort
DA:42,4
DA:9,1
DA:11,4
DA:12,3
DA:13,2
DA:14,2
DA:15,1
DA:16,1
DA:18,1
DA:59,2
DA:22,2
DA:23,2
DA:24,1
DA:25,6
DA:26,5
DA:27,4
DA:28,4
DA:29,4
DA:30,4
DA:31,3
DA:32,3
DA:33,1
DA:34,2
DA:35,1
DA:58,2
DA:39,2
DA:41,5
DA:44,1
DA:45,1
DA:82,2
DA:49,2
DA:50,2
DA:52,1
DA:53,1
DA:55,1
DA:56,1
DA:61,1
DA:62,1
DA:64,1
DA:65,1
DA:67,5
DA:68,11
DA:70,1
DA:71,1
DA:75,9
DA:76,9
DA:77,9
DA:78,9
DA:79,9
DA:84,1
end_of_record
TN:
SF:/usr/lib/gcc/x86_64-linux-gnu/9/include/stddef.h
DA:209,1
DA:321,1
end_of_record
TN:
SF:/usr/lib/gcc/x86_64-linux-gnu/9/include/stdarg.h
DA:40,1
end_of_record
TN:
SF:/usr/include/x86_64-linux-gnu/bits/types.h
DA:31,1
DA:32,1
DA:33,1
DA:34,1
DA:37,1
DA:38,1
DA:39,1
DA:40,1
DA:41,1
DA:42,1
DA:44,1
DA:45,1
DA:52,1
DA:53,1
DA:54,1
DA:55,1
DA:56,1
DA:57,1
DA:58,1
DA:59,1
DA:63,1
DA:64,1
DA:72,1
DA:73,1
DA:145,1
DA:146,1
DA:147,1
DA:148,1
DA:149,1
DA:150,1
DA:151,1
DA:152,1
DA:153,1
DA:154,1
DA:155,2
DA:156,1
DA:157,1
DA:158,1
DA:159,1
DA:160,1
DA:161,1
DA:162,1
DA:164,1
DA:165,1
DA:168,1
DA:171,1
DA:174,1
DA:179,1
DA:180,1
DA:183,1
DA:184,1
DA:187,1
DA:188,1
DA:191,1
DA:193,1
DA:196,1
DA:198,1
DA:202,1
DA:203,1
DA:206,1
DA:209,1
DA:214,1
end_of_record
TN:
SF:/usr/include/x86_64-linux-gnu/bits/types/__mbstate_t.h
DA:16,3
DA:17,3
DA:18,3
DA:19,3
DA:20,3
DA:13,2
DA:14,2
DA:15,2
DA:21,2
end_of_record
TN:
SF:/usr/include/x86_64-linux-gnu/bits/types/__fpos_t.h
DA:10,2
DA:11,2
DA:12,2
DA:13,2
DA:14,2
end_of_record
TN:
SF:/usr/include/x86_64-linux-gnu/bits/types/__fpos64_t.h
DA:10,2
DA:11,2
DA:12,2
DA:13,2
DA:14,2
end_of_record
TN:
SF:/usr/include/x86_64-linux-gnu/bits/types/__FILE.h
DA:4,1
DA:5,1
end_of_record
TN:
SF:/usr/include/x86_64-linux-gnu/bits/types/FILE.h
DA:7,1
end_of_record
TN:
SF:/usr/include/x86_64-linux-gnu/bits/types/struct_FILE.h
DA:36,1
DA:37,1
DA:38,1
DA:43,1
DA:49,1
DA:50,1
DA:51,1
DA:52,1
DA:53,1
DA:54,1
DA:55,1
DA:56,1
DA:57,1
DA:58,1
DA:59,1
DA:60,1
DA:61,1
DA:62,1
DA:63,1
DA:64,1
DA:65,1
DA:66,1
DA:67,1
DA:68,1
DA:69,1
DA:70,1
DA:71,1
DA:72,1
DA:73,1
DA:74,1
DA:75,1
DA:76,1
DA:77,1
DA:78,1
DA:79,1
DA:80,1
DA:81,1
DA:82,1
DA:83,1
DA:84,1
DA:85,1
DA:86,1
DA:87,1
DA:88,1
DA:89,1
DA:90,1
DA:91,1
DA:92,1
DA:93,1
DA:94,1
DA:95,1
DA:96,1
DA:97,1
DA:98,1
DA:99,1
end_of_record
TN:
SF:/usr/include/stdio.h
DA:52,1
DA:63,1
DA:77,1
DA:84,1
DA:137,1
DA:138,1
DA:139,1
end_of_record
TN:
SF:/usr/include/x86_64-linux-gnu/bits/sys_errlist.h
DA:26,1
DA:27,1
end_of_record
TN:
SF:/usr/include/x86_64-linux-gnu/bits/waitflags.h
DA:52,2
DA:53,2
DA:54,2
DA:55,2
DA:56,2
DA:57,2
end_of_record
TN:
SF:/usr/include/stdlib.h
DA:58,2
DA:59,2
DA:60,2
DA:61,2
DA:62,2
DA:66,2
DA:67,2
DA:68,2
DA:69,2
DA:70,2
DA:76,2
DA:77,2
DA:78,2
DA:79,2
DA:80,2
DA:423,1
DA:424,1
DA:425,1
DA:426,1
DA:427,1
DA:428,1
DA:429,1
DA:430,1
DA:431,1
DA:432,1
DA:490,1
DA:491,1
DA:492,1
DA:493,1
DA:494,1
DA:495,1
DA:496,1
DA:497,1
DA:498,1
DA:808,1
end_of_record
TN:
SF:/usr/include/x86_64-linux-gnu/sys/types.h
DA:33,1
DA:34,1
DA:35,1
DA:36,1
DA:37,1
DA:38,1
DA:39,1
DA:42,1
DA:47,1
DA:59,1
DA:64,1
DA:69,1
DA:74,1
DA:79,1
DA:97,1
DA:103,1
DA:114,1
DA:115,1
DA:121,1
DA:148,1
DA:149,1
DA:150,1
DA:158,1
DA:159,1
DA:160,1
DA:161,1
DA:164,1
DA:185,1
DA:192,1
DA:196,1
DA:200,1
end_of_record
TN:
SF:/usr/include/x86_64-linux-gnu/bits/types/clock_t.h
DA:7,1
end_of_record
TN:
SF:/usr/include/x86_64-linux-gnu/bits/types/clockid_t.h
DA:7,1
end_of_record
TN:
SF:/usr/include/x86_64-linux-gnu/bits/types/time_t.h
DA:7,1
end_of_record
TN:
SF:/usr/include/x86_64-linux-gnu/bits/types/timer_t.h
DA:7,1
end_of_record
TN:
SF:/usr/include/x86_64-linux-gnu/bits/stdint-intn.h
DA:24,1
DA:25,1
DA:26,1
DA:27,1
end_of_record
TN:
SF:/usr/include/x86_64-linux-gnu/bits/types/__sigset_t.h
DA:5,2
DA:6,2
DA:7,2
DA:8,2
end_of_record
TN:
SF:/usr/include/x86_64-linux-gnu/bits/types/sigset_t.h
DA:7,1
end_of_record
TN:
SF:/usr/include/x86_64-linux-gnu/bits/types/struct_timeval.h
DA:8,1
DA:9,1
DA:10,1
DA:11,1
DA:12,1
end_of_record
TN:
SF:/usr/include/x86_64-linux-gnu/bits/types/struct_timespec.h
DA:10,1
DA:11,1
DA:12,1
DA:13,1
DA:14,1
DA:15,1
DA:16,1
DA:17,1
DA:18,1
DA:19,1
DA:20,1
DA:21,1
DA:22,1
DA:23,1
DA:24,1
DA:25,1
DA:26,1
end_of_record
TN:
SF:/usr/include/x86_64-linux-gnu/sys/select.h
DA:43,1
DA:49,1
DA:59,2
DA:60,2
DA:61,2
DA:62,2
DA:63,2
DA:64,2
DA:65,2
DA:66,2
DA:67,2
DA:68,2
DA:69,2
DA:70,2
DA:77,1
end_of_record
TN:
SF:/usr/include/x86_64-linux-gnu/bits/thread-shared-types.h
DA:49,2
DA:50,2
DA:51,2
DA:52,2
DA:53,2
DA:55,2
DA:56,2
DA:57,2
DA:58,2
DA:97,3
DA:98,3
DA:99,3
DA:100,3
DA:101,3
DA:94,2
DA:95,2
DA:96,2
DA:102,2
DA:106,3
DA:107,3
DA:108,3
DA:109,3
DA:110,3
DA:103,2
DA:104,2
DA:105,2
DA:111,2
DA:92,1
DA:93,1
DA:112,1
DA:113,1
DA:114,1
DA:115,1
DA:116,1
DA:117,1
end_of_record
TN:
SF:/usr/include/x86_64-linux-gnu/bits/struct_mutex.h
DA:22,1
DA:23,1
DA:24,1
DA:25,1
DA:26,1
DA:27,1
DA:28,1
DA:29,1
DA:30,1
DA:31,1
DA:32,1
DA:33,1
DA:34,1
DA:35,1
DA:36,1
DA:37,1
DA:38,1
DA:39,1
DA:40,1
DA:41,1
DA:42,1
DA:43,1
DA:44,1
DA:45,1
DA:46,1
DA:47,1
DA:48,1
DA:49,1
DA:50,1
DA:51,1
DA:52,1
DA:53,1
end_of_record
TN:
SF:/usr/include/x86_64-linux-gnu/bits/struct_rwlock.h
DA:23,1
DA:24,1
DA:25,1
DA:26,1
DA:27,1
DA:28,1
DA:29,1
DA:30,1
DA:31,1
DA:32,1
DA:33,1
DA:34,1
DA:35,1
DA:36,1
DA:37,1
DA:38,1
DA:39,1
DA:40,1
DA:41,1
DA:42,1
DA:43,1
DA:44,1
DA:45,1
DA:46,1
DA:47,1
DA:48,1
DA:49,1
DA:50,1
DA:51,1
DA:52,1
DA:53,1
DA:54,1
DA:55,1
end_of_record
TN:
SF:/usr/include/x86_64-linux-gnu/bits/pthreadtypes.h
DA:27,1
DA:32,2
DA:33,2
DA:34,2
DA:35,2
DA:36,2
DA:41,2
DA:42,2
DA:43,2
DA:44,2
DA:45,2
DA:49,1
DA:53,1
DA:56,1
DA:57,1
DA:58,1
DA:59,1
DA:60,1
DA:62,1
DA:67,2
DA:68,2
DA:69,2
DA:70,2
DA:71,2
DA:72,2
DA:75,2
DA:76,2
DA:77,2
DA:78,2
DA:79,2
DA:80,2
DA:86,2
DA:87,2
DA:88,2
DA:89,2
DA:90,2
DA:91,2
DA:93,2
DA:94,2
DA:95,2
DA:96,2
DA:97,2
DA:103,1
DA:108,2
DA:109,2
DA:110,2
DA:111,2
DA:112,2
DA:114,2
DA:115,2
DA:116,2
DA:117,2
DA:118,2
end_of_record
TN:
SF:/usr/include/x86_64-linux-gnu/bits/types/__locale_t.h
DA:28,1
DA:29,1
DA:30,1
DA:31,1
DA:32,1
DA:33,1
DA:34,1
DA:35,1
DA:36,1
DA:37,1
DA:38,1
DA:39,1
DA:40,1
DA:42,1
end_of_record
TN:
SF:/usr/include/x86_64-linux-gnu/bits/types/locale_t.h
DA:24,1
end_of_record
